======Start Scheduler 3/14/2018 12:02:32 PM ================ 
Database Connected
Proses query database...
 No row to moved
Proses query database finish...
======Start Scheduler 3/14/2018 12:03:01 PM ================ 
Database Connected
Proses query database...
 Proses record to moved with count : 7
 End Proses Record to moved
Proses query database finish...
======Start Scheduler 3/15/2018 11:59:46 AM ================ 
Database Connected
Proses query database...
 Proses record to moved with count : 1
 End Proses Record to moved
Proses query database finish...
======Start Scheduler 3/16/2018 11:59:45 AM ================ 
Database Connected
Proses query database...
 No row to moved
Proses query database finish...
======Start Scheduler 3/17/2018 11:59:45 AM ================ 
Database Connected
Proses query database...
 No row to moved
Proses query database finish...
======Start Scheduler 3/18/2018 11:59:45 AM ================ 
Database Connected
Proses query database...
 No row to moved
Proses query database finish...
======Start Scheduler 3/19/2018 11:59:45 AM ================ 
Database Connected
Proses query database...
 No row to moved
Proses query database finish...
======Start Scheduler 3/20/2018 11:59:45 AM ================ 
Database Connected
Proses query database...
 No row to moved
Proses query database finish...
======Start Scheduler 3/21/2018 11:36:31 AM ================ 
Database Connected
Proses query database...
 Proses record to moved with count : 2
 End Proses Record to moved
Proses query database finish...
======Start Scheduler 3/21/2018 11:59:45 AM ================ 
Database Connected
Proses query database...
 No row to moved
Proses query database finish...
======Start Scheduler 3/22/2018 11:59:50 AM ================ 
Database Connected
Proses query database...
 No row to moved
Proses query database finish...
======Start Scheduler 3/23/2018 11:59:45 AM ================ 
Database Connected
Proses query database...
 No row to moved
Proses query database finish...
======Start Scheduler 3/24/2018 11:59:46 AM ================ 
Database Connected
Proses query database...
 No row to moved
Proses query database finish...
======Start Scheduler 3/25/2018 11:59:46 AM ================ 
Database Connected
Proses query database...
 No row to moved
Proses query database finish...
======Start Scheduler 3/26/2018 11:59:45 AM ================ 
Database Connected
Proses query database...
 No row to moved
Proses query database finish...
======Start Scheduler 3/27/2018 11:59:45 AM ================ 
Database Connected
Proses query database...
 No row to moved
Proses query database finish...
======Start Scheduler 3/28/2018 11:59:45 AM ================ 
Database Connected
Proses query database...
 No row to moved
Proses query database finish...
======Start Scheduler 3/29/2018 11:59:45 AM ================ 
Database Connected
Proses query database...
 No row to moved
Proses query database finish...
======Start Scheduler 4/1/2018 12:00:19 AM ================ 
Database Connected
Proses query database...
 No row to moved
Proses query database finish...
======Start Scheduler 4/1/2018 12:16:00 AM ================ 
Database Connected
Proses query database...
 Proses record to moved with count : 1
 End Proses Record to moved
Proses query database finish...
======Start Scheduler 4/1/2018 12:22:38 AM ================ 
Database Connected
Proses query database...
 Proses record to moved with count : 2
 End Proses Record to moved
Proses query database finish...
======Start Scheduler 4/2/2018 8:09:59 AM ================ 
Database Connected
Proses query database...
 No row to moved
Proses query database finish...
======Start Scheduler 4/2/2018 11:59:45 AM ================ 
Database Connected
Proses query database...
 No row to moved
Proses query database finish...
======Start Scheduler 4/3/2018 11:59:45 AM ================ 
Database Connected
Proses query database...
 No row to moved
Proses query database finish...
======Start Scheduler 4/4/2018 11:59:49 AM ================ 
Database Connected
Proses query database...
 No row to moved
Proses query database finish...
======Start Scheduler 4/5/2018 11:59:47 AM ================ 
Database Connected
Proses query database...
 No row to moved
Proses query database finish...
